ERC report (2026-04-25T00:05:20, Encoding UTF8)
Report includes: Errors, Warnings

***** Sheet /
[label_dangling]: Label not connected
    ; error
    @(41.91 mm, 46.99 mm): Label 'VINP'
[pin_not_connected]: Pin not connected
    ; error
    @(46.99 mm, 57.15 mm): Symbol #PWR0001 Pin 1 [Power input, Line]
[power_pin_not_driven]: Input Power pin not driven by any Output Power pins
    ; error
    @(46.99 mm, 57.15 mm): Symbol #PWR0001 Pin 1 [Power input, Line]
[lib_symbol_mismatch]: Symbol 'LM358' doesn't match copy in library 'Amplifier_Operational'
    ; warning
    @(49.53 mm, 49.53 mm): Symbol U1 [LM358]
[no_connect_connected]: A pin with a "no connection" flag is connected
    ; warning
    @(74.93 mm, 53.34 mm): Symbol R1 Pin 2 [Passive, Line]
    @(41.91 mm, 52.07 mm): No Connect

 ** ERC messages: 5  Errors 3  Warnings 2

 ** Ignored checks:
    - Global label only appears once in the schematic
    - Four connection points are joined together
    - SPICE model issue
    - Assigned footprint doesn't match footprint filters
